<?xml version="1.0" encoding="UTF-8" ?>
<testsuites>
  <testsuite errors="0" failures="0" hostname="127.0.0.1" id="0" name="CouchbaseClientConstructionTest" package="test.specs" skipped="0" tests="5" time="0.158" timestamp="2013-12-20T16:52:03">
    <properties>
[...]
</properties>
    <testcase classname="test.specs.CouchbaseClientConstructionTest" name="Couchbase Client Construction with vanilla settings" time="0.025" />
    <testcase classname="test.specs.CouchbaseClientConstructionTest" name="Couchbase Client Construction with config struct literal" time="0.029" />
    <testcase classname="test.specs.CouchbaseClientConstructionTest" name="Couchbase Client Construction with config object instance" time="0.033" />
    <testcase classname="test.specs.CouchbaseClientConstructionTest" name="Couchbase Client Construction with config object path" time="0.036" />
    <testcase classname="test.specs.CouchbaseClientConstructionTest" name="Couchbase Client Construction with simple config object" time="0.032" />
  </testsuite>
  <testsuite errors="0" failures="0" hostname="127.0.0.1" id="1" name="CouchbaseClientSerializerTest" package="test.specs" skipped="0" tests="11" time="0.117" timestamp="2013-12-20T16:52:03">
    <properties>
[...]
</properties>
    <testcase classname="test.specs.CouchbaseClientSerializerTest" name="Couchbase Client Serializer passes back simple values" time="0.004" />
    <testcase classname="test.specs.CouchbaseClientSerializerTest" name="Couchbase Client Serializer passes back json" time="0.003" />
    <testcase classname="test.specs.CouchbaseClientSerializerTest" name="Couchbase Client Serializer works with structs" time="0.004" />
    <testcase classname="test.specs.CouchbaseClientSerializerTest" name="Couchbase Client Serializer works with arrays" time="0.003" />
    <testcase classname="test.specs.CouchbaseClientSerializerTest" name="Couchbase Client Serializer works with queries" time="0.007" />
    <testcase classname="test.specs.CouchbaseClientSerializerTest" name="Couchbase client serialize/deserialize storage of query values" time="0.007" />
    <testcase classname="test.specs.CouchbaseClientSerializerTest" name="Couchbase client serialize/deserialize storage of array values" time="0.005" />
    <testcase classname="test.specs.CouchbaseClientSerializerTest" name="Couchbase client serialize/deserialize storage of struct values" time="0.008" />
    <testcase classname="test.specs.CouchbaseClientSerializerTest" name="Couchbase client serialize/deserialize storage of objects with $serialize() methods" time="0.013" />
    <testcase classname="test.specs.CouchbaseClientSerializerTest" name="Couchbase client serialize/deserialize storage of objects with properties" time="0.02" />
    <testcase classname="test.specs.CouchbaseClientSerializerTest" name="Couchbase client serialize/deserialize storage of objects with no properties" time="0.013" />
  </testsuite>
  <testsuite errors="0" failures="0" hostname="127.0.0.1" id="2" name="CouchbaseClientTest" package="test.specs" skipped="1" tests="39" time="0.384" timestamp="2013-12-20T16:52:03">
    <properties>
[...]
</properties>
    <testcase classname="test.specs.CouchbaseClientTest" name="Couchbase Client can flush docs" time="0">
      <skipped />
    </testcase>
    <testcase classname="test.specs.CouchbaseClientTest" name="Couchbase Client can touch an expiration time" time="0.004" />
    <testcase classname="test.specs.CouchbaseClientTest" name="Couchbase Client can get available servers" time="0.003" />
    <testcase classname="test.specs.CouchbaseClientTest" name="Couchbase Client can get unavailable servers" time="0.003" />
    <testcase classname="test.specs.CouchbaseClientTest" name="Couchbase Client set operations with just ID and value" time="0.004" />
    <testcase classname="test.specs.CouchbaseClientTest" name="Couchbase Client set operations with json data" time="0.004" />
    <testcase classname="test.specs.CouchbaseClientTest" name="Couchbase Client set operations can decrement values" time="0.005" />
    <testcase classname="test.specs.CouchbaseClientTest" name="Couchbase Client set operations can decrement values asynchronously" time="0.005" />
    <testcase classname="test.specs.CouchbaseClientTest" name="Couchbase Client set operations can increment values" time="0.005" />
    <testcase classname="test.specs.CouchbaseClientTest" name="Couchbase Client set operations can increment values asynchronously" time="0.006" />
    <testcase classname="test.specs.CouchbaseClientTest" name="Couchbase Client set operations will set multiple documents" time="0.025" />
    <testcase classname="test.specs.CouchbaseClientTest" name="Couchbase Client set operations with CAS value that hasn&apos;t changed" time="0.018" />
    <testcase classname="test.specs.CouchbaseClientTest" name="Couchbase Client set operations with CAS value that is out-of-date" time="0.02" />
    <testcase classname="test.specs.CouchbaseClientTest" name="Couchbase Client set operations with CAS value and key that doesn&apos;t exist" time="0.02" />
    <testcase classname="test.specs.CouchbaseClientTest" name="Couchbase Client replace operations will replace a document" time="0.01" />
    <testcase classname="test.specs.CouchbaseClientTest" name="Couchbase Client get operations of a valid object" time="0.005" />
    <testcase classname="test.specs.CouchbaseClientTest" name="Couchbase Client get operations of an invalid object" time="0.003" />
    <testcase classname="test.specs.CouchbaseClientTest" name="Couchbase Client get operations of a valid object with CAS" time="0.008" />
    <testcase classname="test.specs.CouchbaseClientTest" name="Couchbase Client get operations of an invalid object with CAS" time="0.004" />
    <testcase classname="test.specs.CouchbaseClientTest" name="Couchbase Client get operations of a valid object with touch" time="0.013" />
    <testcase classname="test.specs.CouchbaseClientTest" name="Couchbase Client get operations of an invalid object with touch" time="0.003" />
    <testcase classname="test.specs.CouchbaseClientTest" name="Couchbase Client get operations with case-insensitive IDs" time="0.005" />
    <testcase classname="test.specs.CouchbaseClientTest" name="Couchbase Client get operations with multiple IDs" time="0.016" />
    <testcase classname="test.specs.CouchbaseClientTest" name="Couchbase Client get operations that are asynchronous with valid object" time="0.006" />
    <testcase classname="test.specs.CouchbaseClientTest" name="Couchbase Client get operations that are asynchronous with invalid object" time="0.005" />
    <testcase classname="test.specs.CouchbaseClientTest" name="Couchbase Client get operations that are asynchronous with CAS" time="0.011" />
    <testcase classname="test.specs.CouchbaseClientTest" name="Couchbase Client get operations that are asynchronous with touch" time="0.018" />
    <testcase classname="test.specs.CouchbaseClientTest" name="Couchbase Client get operations that are asynchronous with multiple IDs" time="0.024" />
    <testcase classname="test.specs.CouchbaseClientTest" name="Couchbase Client add operations will only add once" time="0.012" />
    <testcase classname="test.specs.CouchbaseClientTest" name="Couchbase Client delete operations of an invalid document" time="0.005" />
    <testcase classname="test.specs.CouchbaseClientTest" name="Couchbase Client delete operations of a valid document" time="0.006" />
    <testcase classname="test.specs.CouchbaseClientTest" name="Couchbase Client delete operations of multiple documents" time="0.011" />
    <testcase classname="test.specs.CouchbaseClientTest" name="Couchbase Client stats operations can get global stats" time="0.012" />
    <testcase classname="test.specs.CouchbaseClientTest" name="Couchbase Client stats operations can get doc stats" time="0.006" />
    <testcase classname="test.specs.CouchbaseClientTest" name="Couchbase Client stats operations can get multiple doc stats" time="0.01" />
    <testcase classname="test.specs.CouchbaseClientTest" name="Couchbase Client append+prepend operations can append" time="0.006" />
    <testcase classname="test.specs.CouchbaseClientTest" name="Couchbase Client append+prepend operations can append with CAS" time="0.006" />
    <testcase classname="test.specs.CouchbaseClientTest" name="Couchbase Client append+prepend operations can prepend" time="0.006" />
    <testcase classname="test.specs.CouchbaseClientTest" name="Couchbase Client append+prepend operations can prepend with CAS" time="0.009" />
  </testsuite>
  <testsuite errors="0" failures="0" hostname="127.0.0.1" id="3" name="CouchbaseClientViewTest" package="test.specs" skipped="0" tests="10" time="0.145" timestamp="2013-12-20T16:52:03">
    <properties>
[...]
</properties>
    <testcase classname="test.specs.CouchbaseClientViewTest" name="View Operations can get a view" time="0.004" />
    <testcase classname="test.specs.CouchbaseClientViewTest" name="View Operations can produce a raw query object" time="0.003" />
    <testcase classname="test.specs.CouchbaseClientViewTest" name="View Operations can produce a raw query object with options" time="0.007" />
    <testcase classname="test.specs.CouchbaseClientViewTest" name="View Operations can do a raw query" time="0.013" />
    <testcase classname="test.specs.CouchbaseClientViewTest" name="View Operations can do a enhanced query with no docs" time="0.01" />
    <testcase classname="test.specs.CouchbaseClientViewTest" name="View Operations can do a deserialized query with docs" time="0.024" />
    <testcase classname="test.specs.CouchbaseClientViewTest" name="View Operations can do a non-deserialized query with docs" time="0.019" />
    <testcase classname="test.specs.CouchbaseClientViewTest" name="View Operations can do a paginated query with docs" time="0.01" />
    <testcase classname="test.specs.CouchbaseClientViewTest" name="View Operations can do a query with a filter" time="0.01" />
    <testcase classname="test.specs.CouchbaseClientViewTest" name="View Operations can do a query with custom transformations" time="0.021" />
  </testsuite>
  <testsuite errors="0" failures="0" hostname="127.0.0.1" id="4" name="CouchbaseConfigTest" package="test.specs.config" skipped="0" tests="2" time="0.021" timestamp="2013-12-20T16:52:03">
    <properties>
[...]
</properties>
    <testcase classname="test.specs.config.CouchbaseConfigTest" name="Couchbase Config inits correctly" time="0.008" />
    <testcase classname="test.specs.config.CouchbaseConfigTest" name="Couchbase Config inits with name-value pairs" time="0.011" />
  </testsuite>
  <testsuite errors="0" failures="0" hostname="127.0.0.1" id="5" name="UtilityTest" package="test.specs.util" skipped="0" tests="2" time="0.017" timestamp="2013-12-20T16:52:03">
    <properties>
[...]
</properties>
    <testcase classname="test.specs.util.UtilityTest" name="SDK Utility can format servers correctly" time="0.01" />
    <testcase classname="test.specs.util.UtilityTest" name="SDK Utility can build java URIs" time="0.005" />
  </testsuite>
</testsuites>
